<?xml version="1.0" encoding="UTF-8"?>
<testsuite xmlns:xsi="http://www.w3.org/2001/XMLSchema-instance" xsi:noNamespaceSchemaLocation="https://maven.apache.org/surefire/maven-surefire-plugin/xsd/surefire-test-report.xsd" name="limeapp.HibernateUtilTests" time="0.28" tests="1" errors="1" skipped="0" failures="0">
  <properties>
    <property name="sun.desktop" value="windows"/>
    <property name="awt.toolkit" value="sun.awt.windows.WToolkit"/>
    <property name="file.encoding.pkg" value="sun.io"/>
    <property name="java.specification.version" value="1.8"/>
    <property name="sun.cpu.isalist" value="amd64"/>
    <property name="sun.jnu.encoding" value="Cp1252"/>
    <property name="java.class.path" value="C:\Users\zeesh\Documents\Hohe Brucken Strasse\April\LimeHome\webapp-complete\backend\target\test-classes;C:\Users\zeesh\Documents\Hohe Brucken Strasse\April\LimeHome\webapp-complete\backend\target\classes;C:\Users\zeesh\.m2\repository\org\springframework\boot\spring-boot-starter-web\2.1.3.RELEASE\spring-boot-starter-web-2.1.3.RELEASE.jar;C:\Users\zeesh\.m2\repository\org\springframework\boot\spring-boot-starter\2.1.3.RELEASE\spring-boot-starter-2.1.3.RELEASE.jar;C:\Users\zeesh\.m2\repository\org\springframework\boot\spring-boot-starter-logging\2.1.3.RELEASE\spring-boot-starter-logging-2.1.3.RELEASE.jar;C:\Users\zeesh\.m2\repository\ch\qos\logback\logback-classic\1.2.3\logback-classic-1.2.3.jar;C:\Users\zeesh\.m2\repository\ch\qos\logback\logback-core\1.2.3\logback-core-1.2.3.jar;C:\Users\zeesh\.m2\repository\org\apache\logging\log4j\log4j-to-slf4j\2.11.2\log4j-to-slf4j-2.11.2.jar;C:\Users\zeesh\.m2\repository\org\apache\logging\log4j\log4j-api\2.11.2\log4j-api-2.11.2.jar;C:\Users\zeesh\.m2\repository\org\slf4j\jul-to-slf4j\1.7.25\jul-to-slf4j-1.7.25.jar;C:\Users\zeesh\.m2\repository\javax\annotation\javax.annotation-api\1.3.2\javax.annotation-api-1.3.2.jar;C:\Users\zeesh\.m2\repository\org\yaml\snakeyaml\1.23\snakeyaml-1.23.jar;C:\Users\zeesh\.m2\repository\org\springframework\boot\spring-boot-starter-json\2.1.3.RELEASE\spring-boot-starter-json-2.1.3.RELEASE.jar;C:\Users\zeesh\.m2\repository\com\fasterxml\jackson\core\jackson-databind\2.9.8\jackson-databind-2.9.8.jar;C:\Users\zeesh\.m2\repository\com\fasterxml\jackson\core\jackson-annotations\2.9.0\jackson-annotations-2.9.0.jar;C:\Users\zeesh\.m2\repository\com\fasterxml\jackson\core\jackson-core\2.9.8\jackson-core-2.9.8.jar;C:\Users\zeesh\.m2\repository\com\fasterxml\jackson\datatype\jackson-datatype-jdk8\2.9.8\jackson-datatype-jdk8-2.9.8.jar;C:\Users\zeesh\.m2\repository\com\fasterxml\jackson\datatype\jackson-datatype-jsr310\2.9.8\jackson-datatype-jsr310-2.9.8.jar;C:\Users\zeesh\.m2\repository\com\fasterxml\jackson\module\jackson-module-parameter-names\2.9.8\jackson-module-parameter-names-2.9.8.jar;C:\Users\zeesh\.m2\repository\org\springframework\boot\spring-boot-starter-tomcat\2.1.3.RELEASE\spring-boot-starter-tomcat-2.1.3.RELEASE.jar;C:\Users\zeesh\.m2\repository\org\apache\tomcat\embed\tomcat-embed-core\9.0.16\tomcat-embed-core-9.0.16.jar;C:\Users\zeesh\.m2\repository\org\apache\tomcat\embed\tomcat-embed-el\9.0.16\tomcat-embed-el-9.0.16.jar;C:\Users\zeesh\.m2\repository\org\apache\tomcat\embed\tomcat-embed-websocket\9.0.16\tomcat-embed-websocket-9.0.16.jar;C:\Users\zeesh\.m2\repository\org\hibernate\validator\hibernate-validator\6.0.14.Final\hibernate-validator-6.0.14.Final.jar;C:\Users\zeesh\.m2\repository\javax\validation\validation-api\2.0.1.Final\validation-api-2.0.1.Final.jar;C:\Users\zeesh\.m2\repository\org\springframework\spring-web\5.1.5.RELEASE\spring-web-5.1.5.RELEASE.jar;C:\Users\zeesh\.m2\repository\org\springframework\spring-beans\5.1.5.RELEASE\spring-beans-5.1.5.RELEASE.jar;C:\Users\zeesh\.m2\repository\org\springframework\spring-webmvc\5.1.5.RELEASE\spring-webmvc-5.1.5.RELEASE.jar;C:\Users\zeesh\.m2\repository\org\springframework\spring-aop\5.1.5.RELEASE\spring-aop-5.1.5.RELEASE.jar;C:\Users\zeesh\.m2\repository\org\springframework\spring-context\5.1.5.RELEASE\spring-context-5.1.5.RELEASE.jar;C:\Users\zeesh\.m2\repository\org\springframework\spring-expression\5.1.5.RELEASE\spring-expression-5.1.5.RELEASE.jar;C:\Users\zeesh\.m2\repository\org\springframework\boot\spring-boot-starter-test\2.1.3.RELEASE\spring-boot-starter-test-2.1.3.RELEASE.jar;C:\Users\zeesh\.m2\repository\org\springframework\boot\spring-boot-test\2.1.3.RELEASE\spring-boot-test-2.1.3.RELEASE.jar;C:\Users\zeesh\.m2\repository\org\springframework\boot\spring-boot-test-autoconfigure\2.1.3.RELEASE\spring-boot-test-autoconfigure-2.1.3.RELEASE.jar;C:\Users\zeesh\.m2\repository\junit\junit\4.12\junit-4.12.jar;C:\Users\zeesh\.m2\repository\org\assertj\assertj-core\3.11.1\assertj-core-3.11.1.jar;C:\Users\zeesh\.m2\repository\org\mockito\mockito-core\2.23.4\mockito-core-2.23.4.jar;C:\Users\zeesh\.m2\repository\net\bytebuddy\byte-buddy-agent\1.9.10\byte-buddy-agent-1.9.10.jar;C:\Users\zeesh\.m2\repository\org\objenesis\objenesis\2.6\objenesis-2.6.jar;C:\Users\zeesh\.m2\repository\org\hamcrest\hamcrest-core\1.3\hamcrest-core-1.3.jar;C:\Users\zeesh\.m2\repository\org\hamcrest\hamcrest-library\1.3\hamcrest-library-1.3.jar;C:\Users\zeesh\.m2\repository\org\skyscreamer\jsonassert\1.5.0\jsonassert-1.5.0.jar;C:\Users\zeesh\.m2\repository\com\vaadin\external\google\android-json\0.0.20131108.vaadin1\android-json-0.0.20131108.vaadin1.jar;C:\Users\zeesh\.m2\repository\org\springframework\spring-core\5.1.5.RELEASE\spring-core-5.1.5.RELEASE.jar;C:\Users\zeesh\.m2\repository\org\springframework\spring-jcl\5.1.5.RELEASE\spring-jcl-5.1.5.RELEASE.jar;C:\Users\zeesh\.m2\repository\org\springframework\spring-test\5.1.5.RELEASE\spring-test-5.1.5.RELEASE.jar;C:\Users\zeesh\.m2\repository\org\xmlunit\xmlunit-core\2.6.2\xmlunit-core-2.6.2.jar;C:\Users\zeesh\.m2\repository\org\springframework\boot\spring-boot-starter-data-jpa\2.1.3.RELEASE\spring-boot-starter-data-jpa-2.1.3.RELEASE.jar;C:\Users\zeesh\.m2\repository\org\springframework\boot\spring-boot-starter-aop\2.1.3.RELEASE\spring-boot-starter-aop-2.1.3.RELEASE.jar;C:\Users\zeesh\.m2\repository\org\aspectj\aspectjweaver\1.9.2\aspectjweaver-1.9.2.jar;C:\Users\zeesh\.m2\repository\org\springframework\boot\spring-boot-starter-jdbc\2.1.3.RELEASE\spring-boot-starter-jdbc-2.1.3.RELEASE.jar;C:\Users\zeesh\.m2\repository\com\zaxxer\HikariCP\3.2.0\HikariCP-3.2.0.jar;C:\Users\zeesh\.m2\repository\org\springframework\spring-jdbc\5.1.5.RELEASE\spring-jdbc-5.1.5.RELEASE.jar;C:\Users\zeesh\.m2\repository\javax\transaction\javax.transaction-api\1.3\javax.transaction-api-1.3.jar;C:\Users\zeesh\.m2\repository\javax\xml\bind\jaxb-api\2.3.1\jaxb-api-2.3.1.jar;C:\Users\zeesh\.m2\repository\org\springframework\data\spring-data-jpa\2.1.5.RELEASE\spring-data-jpa-2.1.5.RELEASE.jar;C:\Users\zeesh\.m2\repository\org\springframework\data\spring-data-commons\2.1.5.RELEASE\spring-data-commons-2.1.5.RELEASE.jar;C:\Users\zeesh\.m2\repository\org\springframework\spring-orm\5.1.5.RELEASE\spring-orm-5.1.5.RELEASE.jar;C:\Users\zeesh\.m2\repository\org\springframework\spring-tx\5.1.5.RELEASE\spring-tx-5.1.5.RELEASE.jar;C:\Users\zeesh\.m2\repository\org\springframework\spring-aspects\5.1.5.RELEASE\spring-aspects-5.1.5.RELEASE.jar;C:\Users\zeesh\.m2\repository\com\h2database\h2\1.4.197\h2-1.4.197.jar;C:\Users\zeesh\.m2\repository\com\jayway\jsonpath\json-path\2.4.0\json-path-2.4.0.jar;C:\Users\zeesh\.m2\repository\net\minidev\json-smart\2.3\json-smart-2.3.jar;C:\Users\zeesh\.m2\repository\net\minidev\accessors-smart\1.2\accessors-smart-1.2.jar;C:\Users\zeesh\.m2\repository\org\ow2\asm\asm\5.0.4\asm-5.0.4.jar;C:\Users\zeesh\.m2\repository\org\slf4j\slf4j-api\1.7.25\slf4j-api-1.7.25.jar;C:\Users\zeesh\.m2\repository\org\projectlombok\lombok\1.16.18\lombok-1.16.18.jar;C:\Users\zeesh\.m2\repository\org\hibernate\hibernate-core\5.4.1.Final\hibernate-core-5.4.1.Final.jar;C:\Users\zeesh\.m2\repository\org\jboss\logging\jboss-logging\3.3.2.Final\jboss-logging-3.3.2.Final.jar;C:\Users\zeesh\.m2\repository\javax\persistence\javax.persistence-api\2.2\javax.persistence-api-2.2.jar;C:\Users\zeesh\.m2\repository\org\javassist\javassist\3.24.0-GA\javassist-3.24.0-GA.jar;C:\Users\zeesh\.m2\repository\net\bytebuddy\byte-buddy\1.9.10\byte-buddy-1.9.10.jar;C:\Users\zeesh\.m2\repository\antlr\antlr\2.7.7\antlr-2.7.7.jar;C:\Users\zeesh\.m2\repository\org\jboss\spec\javax\transaction\jboss-transaction-api_1.2_spec\1.1.1.Final\jboss-transaction-api_1.2_spec-1.1.1.Final.jar;C:\Users\zeesh\.m2\repository\org\jboss\jandex\2.0.5.Final\jandex-2.0.5.Final.jar;C:\Users\zeesh\.m2\repository\com\fasterxml\classmate\1.4.0\classmate-1.4.0.jar;C:\Users\zeesh\.m2\repository\javax\activation\javax.activation-api\1.2.0\javax.activation-api-1.2.0.jar;C:\Users\zeesh\.m2\repository\org\dom4j\dom4j\2.1.1\dom4j-2.1.1.jar;C:\Users\zeesh\.m2\repository\org\hibernate\common\hibernate-commons-annotations\5.1.0.Final\hibernate-commons-annotations-5.1.0.Final.jar;C:\Users\zeesh\.m2\repository\org\glassfish\jaxb\jaxb-runtime\2.3.1\jaxb-runtime-2.3.1.jar;C:\Users\zeesh\.m2\repository\org\glassfish\jaxb\txw2\2.3.1\txw2-2.3.1.jar;C:\Users\zeesh\.m2\repository\com\sun\istack\istack-commons-runtime\3.0.7\istack-commons-runtime-3.0.7.jar;C:\Users\zeesh\.m2\repository\org\jvnet\staxex\stax-ex\1.8\stax-ex-1.8.jar;C:\Users\zeesh\.m2\repository\com\sun\xml\fastinfoset\FastInfoset\1.2.15\FastInfoset-1.2.15.jar;C:\Users\zeesh\.m2\repository\mysql\mysql-connector-java\8.0.13\mysql-connector-java-8.0.13.jar;C:\Users\zeesh\.m2\repository\com\google\code\gson\gson\2.8.5\gson-2.8.5.jar;C:\Users\zeesh\.m2\repository\org\postgresql\postgresql\42.2.5\postgresql-42.2.5.jar;C:\Users\zeesh\.m2\repository\org\springframework\boot\spring-boot-autoconfigure\1.4.3.RELEASE\spring-boot-autoconfigure-1.4.3.RELEASE.jar;C:\Users\zeesh\.m2\repository\org\springframework\boot\spring-boot\2.1.3.RELEASE\spring-boot-2.1.3.RELEASE.jar;"/>
    <property name="java.vm.vendor" value="Oracle Corporation"/>
    <property name="sun.arch.data.model" value="64"/>
    <property name="user.variant" value=""/>
    <property name="java.vendor.url" value="http://java.oracle.com/"/>
    <property name="user.timezone" value="Europe/Berlin"/>
    <property name="java.vm.specification.version" value="1.8"/>
    <property name="os.name" value="Windows 10"/>
    <property name="user.country" value="US"/>
    <property name="sun.java.launcher" value="SUN_STANDARD"/>
    <property name="sun.boot.library.path" value="C:\Program Files\Java\jdk1.8.0_121\jre\bin"/>
    <property name="sun.java.command" value="C:\Users\zeesh\AppData\Local\Temp\surefire2974674847430461279\surefirebooter619524331032585453.jar C:\Users\zeesh\AppData\Local\Temp\surefire2974674847430461279 2019-04-17T16-08-00_148-jvmRun1 surefire907917151127969910tmp surefire_07122862723511141335tmp"/>
    <property name="surefire.test.class.path" value="C:\Users\zeesh\Documents\Hohe Brucken Strasse\April\LimeHome\webapp-complete\backend\target\test-classes;C:\Users\zeesh\Documents\Hohe Brucken Strasse\April\LimeHome\webapp-complete\backend\target\classes;C:\Users\zeesh\.m2\repository\org\springframework\boot\spring-boot-starter-web\2.1.3.RELEASE\spring-boot-starter-web-2.1.3.RELEASE.jar;C:\Users\zeesh\.m2\repository\org\springframework\boot\spring-boot-starter\2.1.3.RELEASE\spring-boot-starter-2.1.3.RELEASE.jar;C:\Users\zeesh\.m2\repository\org\springframework\boot\spring-boot-starter-logging\2.1.3.RELEASE\spring-boot-starter-logging-2.1.3.RELEASE.jar;C:\Users\zeesh\.m2\repository\ch\qos\logback\logback-classic\1.2.3\logback-classic-1.2.3.jar;C:\Users\zeesh\.m2\repository\ch\qos\logback\logback-core\1.2.3\logback-core-1.2.3.jar;C:\Users\zeesh\.m2\repository\org\apache\logging\log4j\log4j-to-slf4j\2.11.2\log4j-to-slf4j-2.11.2.jar;C:\Users\zeesh\.m2\repository\org\apache\logging\log4j\log4j-api\2.11.2\log4j-api-2.11.2.jar;C:\Users\zeesh\.m2\repository\org\slf4j\jul-to-slf4j\1.7.25\jul-to-slf4j-1.7.25.jar;C:\Users\zeesh\.m2\repository\javax\annotation\javax.annotation-api\1.3.2\javax.annotation-api-1.3.2.jar;C:\Users\zeesh\.m2\repository\org\yaml\snakeyaml\1.23\snakeyaml-1.23.jar;C:\Users\zeesh\.m2\repository\org\springframework\boot\spring-boot-starter-json\2.1.3.RELEASE\spring-boot-starter-json-2.1.3.RELEASE.jar;C:\Users\zeesh\.m2\repository\com\fasterxml\jackson\core\jackson-databind\2.9.8\jackson-databind-2.9.8.jar;C:\Users\zeesh\.m2\repository\com\fasterxml\jackson\core\jackson-annotations\2.9.0\jackson-annotations-2.9.0.jar;C:\Users\zeesh\.m2\repository\com\fasterxml\jackson\core\jackson-core\2.9.8\jackson-core-2.9.8.jar;C:\Users\zeesh\.m2\repository\com\fasterxml\jackson\datatype\jackson-datatype-jdk8\2.9.8\jackson-datatype-jdk8-2.9.8.jar;C:\Users\zeesh\.m2\repository\com\fasterxml\jackson\datatype\jackson-datatype-jsr310\2.9.8\jackson-datatype-jsr310-2.9.8.jar;C:\Users\zeesh\.m2\repository\com\fasterxml\jackson\module\jackson-module-parameter-names\2.9.8\jackson-module-parameter-names-2.9.8.jar;C:\Users\zeesh\.m2\repository\org\springframework\boot\spring-boot-starter-tomcat\2.1.3.RELEASE\spring-boot-starter-tomcat-2.1.3.RELEASE.jar;C:\Users\zeesh\.m2\repository\org\apache\tomcat\embed\tomcat-embed-core\9.0.16\tomcat-embed-core-9.0.16.jar;C:\Users\zeesh\.m2\repository\org\apache\tomcat\embed\tomcat-embed-el\9.0.16\tomcat-embed-el-9.0.16.jar;C:\Users\zeesh\.m2\repository\org\apache\tomcat\embed\tomcat-embed-websocket\9.0.16\tomcat-embed-websocket-9.0.16.jar;C:\Users\zeesh\.m2\repository\org\hibernate\validator\hibernate-validator\6.0.14.Final\hibernate-validator-6.0.14.Final.jar;C:\Users\zeesh\.m2\repository\javax\validation\validation-api\2.0.1.Final\validation-api-2.0.1.Final.jar;C:\Users\zeesh\.m2\repository\org\springframework\spring-web\5.1.5.RELEASE\spring-web-5.1.5.RELEASE.jar;C:\Users\zeesh\.m2\repository\org\springframework\spring-beans\5.1.5.RELEASE\spring-beans-5.1.5.RELEASE.jar;C:\Users\zeesh\.m2\repository\org\springframework\spring-webmvc\5.1.5.RELEASE\spring-webmvc-5.1.5.RELEASE.jar;C:\Users\zeesh\.m2\repository\org\springframework\spring-aop\5.1.5.RELEASE\spring-aop-5.1.5.RELEASE.jar;C:\Users\zeesh\.m2\repository\org\springframework\spring-context\5.1.5.RELEASE\spring-context-5.1.5.RELEASE.jar;C:\Users\zeesh\.m2\repository\org\springframework\spring-expression\5.1.5.RELEASE\spring-expression-5.1.5.RELEASE.jar;C:\Users\zeesh\.m2\repository\org\springframework\boot\spring-boot-starter-test\2.1.3.RELEASE\spring-boot-starter-test-2.1.3.RELEASE.jar;C:\Users\zeesh\.m2\repository\org\springframework\boot\spring-boot-test\2.1.3.RELEASE\spring-boot-test-2.1.3.RELEASE.jar;C:\Users\zeesh\.m2\repository\org\springframework\boot\spring-boot-test-autoconfigure\2.1.3.RELEASE\spring-boot-test-autoconfigure-2.1.3.RELEASE.jar;C:\Users\zeesh\.m2\repository\junit\junit\4.12\junit-4.12.jar;C:\Users\zeesh\.m2\repository\org\assertj\assertj-core\3.11.1\assertj-core-3.11.1.jar;C:\Users\zeesh\.m2\repository\org\mockito\mockito-core\2.23.4\mockito-core-2.23.4.jar;C:\Users\zeesh\.m2\repository\net\bytebuddy\byte-buddy-agent\1.9.10\byte-buddy-agent-1.9.10.jar;C:\Users\zeesh\.m2\repository\org\objenesis\objenesis\2.6\objenesis-2.6.jar;C:\Users\zeesh\.m2\repository\org\hamcrest\hamcrest-core\1.3\hamcrest-core-1.3.jar;C:\Users\zeesh\.m2\repository\org\hamcrest\hamcrest-library\1.3\hamcrest-library-1.3.jar;C:\Users\zeesh\.m2\repository\org\skyscreamer\jsonassert\1.5.0\jsonassert-1.5.0.jar;C:\Users\zeesh\.m2\repository\com\vaadin\external\google\android-json\0.0.20131108.vaadin1\android-json-0.0.20131108.vaadin1.jar;C:\Users\zeesh\.m2\repository\org\springframework\spring-core\5.1.5.RELEASE\spring-core-5.1.5.RELEASE.jar;C:\Users\zeesh\.m2\repository\org\springframework\spring-jcl\5.1.5.RELEASE\spring-jcl-5.1.5.RELEASE.jar;C:\Users\zeesh\.m2\repository\org\springframework\spring-test\5.1.5.RELEASE\spring-test-5.1.5.RELEASE.jar;C:\Users\zeesh\.m2\repository\org\xmlunit\xmlunit-core\2.6.2\xmlunit-core-2.6.2.jar;C:\Users\zeesh\.m2\repository\org\springframework\boot\spring-boot-starter-data-jpa\2.1.3.RELEASE\spring-boot-starter-data-jpa-2.1.3.RELEASE.jar;C:\Users\zeesh\.m2\repository\org\springframework\boot\spring-boot-starter-aop\2.1.3.RELEASE\spring-boot-starter-aop-2.1.3.RELEASE.jar;C:\Users\zeesh\.m2\repository\org\aspectj\aspectjweaver\1.9.2\aspectjweaver-1.9.2.jar;C:\Users\zeesh\.m2\repository\org\springframework\boot\spring-boot-starter-jdbc\2.1.3.RELEASE\spring-boot-starter-jdbc-2.1.3.RELEASE.jar;C:\Users\zeesh\.m2\repository\com\zaxxer\HikariCP\3.2.0\HikariCP-3.2.0.jar;C:\Users\zeesh\.m2\repository\org\springframework\spring-jdbc\5.1.5.RELEASE\spring-jdbc-5.1.5.RELEASE.jar;C:\Users\zeesh\.m2\repository\javax\transaction\javax.transaction-api\1.3\javax.transaction-api-1.3.jar;C:\Users\zeesh\.m2\repository\javax\xml\bind\jaxb-api\2.3.1\jaxb-api-2.3.1.jar;C:\Users\zeesh\.m2\repository\org\springframework\data\spring-data-jpa\2.1.5.RELEASE\spring-data-jpa-2.1.5.RELEASE.jar;C:\Users\zeesh\.m2\repository\org\springframework\data\spring-data-commons\2.1.5.RELEASE\spring-data-commons-2.1.5.RELEASE.jar;C:\Users\zeesh\.m2\repository\org\springframework\spring-orm\5.1.5.RELEASE\spring-orm-5.1.5.RELEASE.jar;C:\Users\zeesh\.m2\repository\org\springframework\spring-tx\5.1.5.RELEASE\spring-tx-5.1.5.RELEASE.jar;C:\Users\zeesh\.m2\repository\org\springframework\spring-aspects\5.1.5.RELEASE\spring-aspects-5.1.5.RELEASE.jar;C:\Users\zeesh\.m2\repository\com\h2database\h2\1.4.197\h2-1.4.197.jar;C:\Users\zeesh\.m2\repository\com\jayway\jsonpath\json-path\2.4.0\json-path-2.4.0.jar;C:\Users\zeesh\.m2\repository\net\minidev\json-smart\2.3\json-smart-2.3.jar;C:\Users\zeesh\.m2\repository\net\minidev\accessors-smart\1.2\accessors-smart-1.2.jar;C:\Users\zeesh\.m2\repository\org\ow2\asm\asm\5.0.4\asm-5.0.4.jar;C:\Users\zeesh\.m2\repository\org\slf4j\slf4j-api\1.7.25\slf4j-api-1.7.25.jar;C:\Users\zeesh\.m2\repository\org\projectlombok\lombok\1.16.18\lombok-1.16.18.jar;C:\Users\zeesh\.m2\repository\org\hibernate\hibernate-core\5.4.1.Final\hibernate-core-5.4.1.Final.jar;C:\Users\zeesh\.m2\repository\org\jboss\logging\jboss-logging\3.3.2.Final\jboss-logging-3.3.2.Final.jar;C:\Users\zeesh\.m2\repository\javax\persistence\javax.persistence-api\2.2\javax.persistence-api-2.2.jar;C:\Users\zeesh\.m2\repository\org\javassist\javassist\3.24.0-GA\javassist-3.24.0-GA.jar;C:\Users\zeesh\.m2\repository\net\bytebuddy\byte-buddy\1.9.10\byte-buddy-1.9.10.jar;C:\Users\zeesh\.m2\repository\antlr\antlr\2.7.7\antlr-2.7.7.jar;C:\Users\zeesh\.m2\repository\org\jboss\spec\javax\transaction\jboss-transaction-api_1.2_spec\1.1.1.Final\jboss-transaction-api_1.2_spec-1.1.1.Final.jar;C:\Users\zeesh\.m2\repository\org\jboss\jandex\2.0.5.Final\jandex-2.0.5.Final.jar;C:\Users\zeesh\.m2\repository\com\fasterxml\classmate\1.4.0\classmate-1.4.0.jar;C:\Users\zeesh\.m2\repository\javax\activation\javax.activation-api\1.2.0\javax.activation-api-1.2.0.jar;C:\Users\zeesh\.m2\repository\org\dom4j\dom4j\2.1.1\dom4j-2.1.1.jar;C:\Users\zeesh\.m2\repository\org\hibernate\common\hibernate-commons-annotations\5.1.0.Final\hibernate-commons-annotations-5.1.0.Final.jar;C:\Users\zeesh\.m2\repository\org\glassfish\jaxb\jaxb-runtime\2.3.1\jaxb-runtime-2.3.1.jar;C:\Users\zeesh\.m2\repository\org\glassfish\jaxb\txw2\2.3.1\txw2-2.3.1.jar;C:\Users\zeesh\.m2\repository\com\sun\istack\istack-commons-runtime\3.0.7\istack-commons-runtime-3.0.7.jar;C:\Users\zeesh\.m2\repository\org\jvnet\staxex\stax-ex\1.8\stax-ex-1.8.jar;C:\Users\zeesh\.m2\repository\com\sun\xml\fastinfoset\FastInfoset\1.2.15\FastInfoset-1.2.15.jar;C:\Users\zeesh\.m2\repository\mysql\mysql-connector-java\8.0.13\mysql-connector-java-8.0.13.jar;C:\Users\zeesh\.m2\repository\com\google\code\gson\gson\2.8.5\gson-2.8.5.jar;C:\Users\zeesh\.m2\repository\org\postgresql\postgresql\42.2.5\postgresql-42.2.5.jar;C:\Users\zeesh\.m2\repository\org\springframework\boot\spring-boot-autoconfigure\1.4.3.RELEASE\spring-boot-autoconfigure-1.4.3.RELEASE.jar;C:\Users\zeesh\.m2\repository\org\springframework\boot\spring-boot\2.1.3.RELEASE\spring-boot-2.1.3.RELEASE.jar;"/>
    <property name="sun.cpu.endian" value="little"/>
    <property name="user.home" value="C:\Users\zeesh"/>
    <property name="user.language" value="en"/>
    <property name="java.specification.vendor" value="Oracle Corporation"/>
    <property name="java.home" value="C:\Program Files\Java\jdk1.8.0_121\jre"/>
    <property name="basedir" value="C:\Users\zeesh\Documents\Hohe Brucken Strasse\April\LimeHome\webapp-complete\backend"/>
    <property name="file.separator" value="\"/>
    <property name="line.separator" value="&#10;"/>
    <property name="java.vm.specification.vendor" value="Oracle Corporation"/>
    <property name="java.specification.name" value="Java Platform API Specification"/>
    <property name="java.awt.graphicsenv" value="sun.awt.Win32GraphicsEnvironment"/>
    <property name="surefire.real.class.path" value="C:\Users\zeesh\AppData\Local\Temp\surefire2974674847430461279\surefirebooter619524331032585453.jar"/>
    <property name="sun.boot.class.path" value="C:\Program Files\Java\jdk1.8.0_121\jre\lib\resources.jar;C:\Program Files\Java\jdk1.8.0_121\jre\lib\rt.jar;C:\Program Files\Java\jdk1.8.0_121\jre\lib\sunrsasign.jar;C:\Program Files\Java\jdk1.8.0_121\jre\lib\jsse.jar;C:\Program Files\Java\jdk1.8.0_121\jre\lib\jce.jar;C:\Program Files\Java\jdk1.8.0_121\jre\lib\charsets.jar;C:\Program Files\Java\jdk1.8.0_121\jre\lib\jfr.jar;C:\Program Files\Java\jdk1.8.0_121\jre\classes"/>
    <property name="user.script" value=""/>
    <property name="sun.management.compiler" value="HotSpot 64-Bit Tiered Compilers"/>
    <property name="java.runtime.version" value="1.8.0_121-b13"/>
    <property name="user.name" value="zeesh"/>
    <property name="path.separator" value=";"/>
    <property name="os.version" value="10.0"/>
    <property name="java.endorsed.dirs" value="C:\Program Files\Java\jdk1.8.0_121\jre\lib\endorsed"/>
    <property name="java.runtime.name" value="Java(TM) SE Runtime Environment"/>
    <property name="file.encoding" value="Cp1252"/>
    <property name="java.vm.name" value="Java HotSpot(TM) 64-Bit Server VM"/>
    <property name="localRepository" value="C:\Users\zeesh\.m2\repository"/>
    <property name="java.vendor.url.bug" value="http://bugreport.sun.com/bugreport/"/>
    <property name="java.io.tmpdir" value="C:\Users\zeesh\AppData\Local\Temp\"/>
    <property name="idea.version" value="2016.3.4"/>
    <property name="java.version" value="1.8.0_121"/>
    <property name="user.dir" value="C:\Users\zeesh\Documents\Hohe Brucken Strasse\April\LimeHome\webapp-complete\backend"/>
    <property name="os.arch" value="amd64"/>
    <property name="java.vm.specification.name" value="Java Virtual Machine Specification"/>
    <property name="java.awt.printerjob" value="sun.awt.windows.WPrinterJob"/>
    <property name="sun.os.patch.level" value=""/>
    <property name="java.library.path" value="C:\Program Files\Java\jdk1.8.0_121\jre\bin;C:\WINDOWS\Sun\Java\bin;C:\WINDOWS\system32;C:\WINDOWS;C:\ProgramData\DockerDesktop\version-bin;C:\Program Files\Docker\Docker\Resources\bin;C:\Python27\;C:\Python27\Scripts;C:\ProgramData\Oracle\Java\javapath;C:\WINDOWS\system32;C:\WINDOWS;C:\WINDOWS\System32\Wbem;C:\WINDOWS\System32\WindowsPowerShell\v1.0\;C:\Program Files (x86)\ATI Technologies\ATI.ACE\Core-Static;C:\Program Files\MATLAB\R2014a\runtime\win64;C:\Program Files\MATLAB\R2014a\bin;C:\Program Files\MATLAB\R2014a\polyspace\bin;C:\apache-maven-3.3.9\bin;C:\Program Files\Git\bin\git.exe;C:\Program Files\Git\cmd;C:\Program Files\MySQL\MySQL Utilities 1.6\;C:\Program Files\PuTTY\;C:\jruby-9.1.7.0\bin;C:\Program Files (x86)\GtkSharp\2.12\bin;C:\WINDOWS\System32\OpenSSH\;C:\Program Files\nodejs\;C:\ProgramData\chocolatey\bin;C:\Program Files (x86)\sbt\bin;C:\Users\zeesh\AppData\Local\Programs\Python\Python36-32\Scripts\;C:\Users\zeesh\AppData\Local\Programs\Python\Python36-32\;c:\jruby-1.7.15\bin;C:\Users\zeesh\AppData\Local\Microsoft\WindowsApps;C:\Program Files\MySQL\MySQL Server 5.7\bin;C:\Program Files\Heroku\bin;C:\Users\zeesh\AppData\Roaming\npm;C:\Users\zeesh\AppData\Local\Programs\Microsoft VS Code\bin;C:\Program Files (x86)\sbt\bin;C:\Users\zeesh\AppData\Local\GitHubDesktop\bin;."/>
    <property name="java.vm.info" value="mixed mode"/>
    <property name="java.vendor" value="Oracle Corporation"/>
    <property name="java.vm.version" value="25.121-b13"/>
    <property name="java.ext.dirs" value="C:\Program Files\Java\jdk1.8.0_121\jre\lib\ext;C:\WINDOWS\Sun\Java\lib\ext"/>
    <property name="sun.io.unicode.encoding" value="UnicodeLittle"/>
    <property name="java.class.version" value="52.0"/>
  </properties>
  <testcase name="testRetreiveObject" classname="limeapp.HibernateUtilTests" time="0">
    <error message="Failed to load ApplicationContext" type="java.lang.IllegalStateException">java.lang.IllegalStateException: Failed to load ApplicationContext
Caused by: org.springframework.beans.factory.BeanDefinitionStoreException: Failed to parse configuration class [limeapp.Application]; nested exception is java.io.FileNotFoundException: Could not open ServletContext resource [/persistence-booking.properties]
Caused by: java.io.FileNotFoundException: Could not open ServletContext resource [/persistence-booking.properties]
</error>
    <system-out><![CDATA[2019-04-17 16:08:13.437  INFO 15464 --- [           main] .b.t.c.SpringBootTestContextBootstrapper : Neither @ContextConfiguration nor @ContextHierarchy found for test class [limeapp.HibernateUtilTests], using SpringBootContextLoader
2019-04-17 16:08:13.448  INFO 15464 --- [           main] o.s.t.c.support.AbstractContextLoader    : Could not detect default resource locations for test class [limeapp.HibernateUtilTests]: no resource found for suffixes {-context.xml, Context.groovy}.
2019-04-17 16:08:13.449  INFO 15464 --- [           main] t.c.s.AnnotationConfigContextLoaderUtils : Could not detect default configuration classes for test class [limeapp.HibernateUtilTests]: HibernateUtilTests does not declare any static, non-private, non-final, nested classes annotated with @Configuration.
2019-04-17 16:08:13.479  INFO 15464 --- [           main] .b.t.c.SpringBootTestContextBootstrapper : Found @SpringBootConfiguration limeapp.Application for test class limeapp.HibernateUtilTests
2019-04-17 16:08:13.489  INFO 15464 --- [           main] .b.t.c.SpringBootTestContextBootstrapper : Loaded default TestExecutionListener class names from location [META-INF/spring.factories]: [org.springframework.boot.test.mock.mockito.MockitoTestExecutionListener, org.springframework.boot.test.mock.mockito.ResetMocksTestExecutionListener, org.springframework.boot.test.autoconfigure.restdocs.RestDocsTestExecutionListener, org.springframework.boot.test.autoconfigure.web.client.MockRestServiceServerResetTestExecutionListener, org.springframework.boot.test.autoconfigure.web.servlet.MockMvcPrintOnlyOnFailureTestExecutionListener, org.springframework.boot.test.autoconfigure.web.servlet.WebDriverTestExecutionListener, org.springframework.test.context.web.ServletTestExecutionListener, org.springframework.test.context.support.DirtiesContextBeforeModesTestExecutionListener, org.springframework.test.context.support.DependencyInjectionTestExecutionListener, org.springframework.test.context.support.DirtiesContextTestExecutionListener, org.springframework.test.context.transaction.TransactionalTestExecutionListener, org.springframework.test.context.jdbc.SqlScriptsTestExecutionListener]
2019-04-17 16:08:13.490  INFO 15464 --- [           main] .b.t.c.SpringBootTestContextBootstrapper : Using TestExecutionListeners: [org.springframework.test.context.web.ServletTestExecutionListener@7803bfd, org.springframework.test.context.support.DirtiesContextBeforeModesTestExecutionListener@42bc14c1, org.springframework.boot.test.mock.mockito.MockitoTestExecutionListener@531f4093, org.springframework.boot.test.autoconfigure.SpringBootDependencyInjectionTestExecutionListener@62ef27a8, org.springframework.test.context.support.DirtiesContextTestExecutionListener@6436a7db, org.springframework.test.context.transaction.TransactionalTestExecutionListener@460ebd80, org.springframework.test.context.jdbc.SqlScriptsTestExecutionListener@6f3c660a, org.springframework.boot.test.mock.mockito.ResetMocksTestExecutionListener@74f5ce22, org.springframework.boot.test.autoconfigure.restdocs.RestDocsTestExecutionListener@25aca718, org.springframework.boot.test.autoconfigure.web.client.MockRestServiceServerResetTestExecutionListener@16fdec90, org.springframework.boot.test.autoconfigure.web.servlet.MockMvcPrintOnlyOnFailureTestExecutionListener@1afdd473, org.springframework.boot.test.autoconfigure.web.servlet.WebDriverTestExecutionListener@40238dd0]

  .   ____          _            __ _ _
 /\\ / ___'_ __ _ _(_)_ __  __ _ \ \ \ \
( ( )\___ | '_ | '_| | '_ \/ _` | \ \ \ \
 \\/  ___)| |_)| | | | | || (_| |  ) ) ) )
  '  |____| .__|_| |_|_| |_\__, | / / / /
 =========|_|==============|___/=/_/_/_/
 :: Spring Boot ::        (v2.1.3.RELEASE)

2019-04-17 16:08:13.648  INFO 15464 --- [           main] limeapp.HibernateUtilTests               : Starting HibernateUtilTests on DESKTOP-SRCI0H9 with PID 15464 (started by zeesh in C:\Users\zeesh\Documents\Hohe Brucken Strasse\April\LimeHome\webapp-complete\backend)
2019-04-17 16:08:13.650  INFO 15464 --- [           main] limeapp.HibernateUtilTests               : No active profile set, falling back to default profiles: default
2019-04-17 16:08:13.776  WARN 15464 --- [           main] o.s.w.c.s.GenericWebApplicationContext   : Exception encountered during context initialization - cancelling refresh attempt: org.springframework.beans.factory.BeanDefinitionStoreException: Failed to parse configuration class [limeapp.Application]; nested exception is java.io.FileNotFoundException: Could not open ServletContext resource [/persistence-booking.properties]
2019-04-17 16:08:13.781 ERROR 15464 --- [           main] o.s.boot.SpringApplication               : Application run failed

org.springframework.beans.factory.BeanDefinitionStoreException: Failed to parse configuration class [limeapp.Application]; nested exception is java.io.FileNotFoundException: Could not open ServletContext resource [/persistence-booking.properties]
	at org.springframework.context.annotation.ConfigurationClassParser.parse(ConfigurationClassParser.java:181) ~[spring-context-5.1.5.RELEASE.jar:5.1.5.RELEASE]
	at org.springframework.context.annotation.ConfigurationClassPostProcessor.processConfigBeanDefinitions(ConfigurationClassPostProcessor.java:315) ~[spring-context-5.1.5.RELEASE.jar:5.1.5.RELEASE]
	at org.springframework.context.annotation.ConfigurationClassPostProcessor.postProcessBeanDefinitionRegistry(ConfigurationClassPostProcessor.java:232) ~[spring-context-5.1.5.RELEASE.jar:5.1.5.RELEASE]
	at org.springframework.context.support.PostProcessorRegistrationDelegate.invokeBeanDefinitionRegistryPostProcessors(PostProcessorRegistrationDelegate.java:275) ~[spring-context-5.1.5.RELEASE.jar:5.1.5.RELEASE]
	at org.springframework.context.support.PostProcessorRegistrationDelegate.invokeBeanFactoryPostProcessors(PostProcessorRegistrationDelegate.java:95) ~[spring-context-5.1.5.RELEASE.jar:5.1.5.RELEASE]
	at org.springframework.context.support.AbstractApplicationContext.invokeBeanFactoryPostProcessors(AbstractApplicationContext.java:705) ~[spring-context-5.1.5.RELEASE.jar:5.1.5.RELEASE]
	at org.springframework.context.support.AbstractApplicationContext.refresh(AbstractApplicationContext.java:531) ~[spring-context-5.1.5.RELEASE.jar:5.1.5.RELEASE]
	at org.springframework.boot.SpringApplication.refresh(SpringApplication.java:775) ~[spring-boot-2.1.3.RELEASE.jar:2.1.3.RELEASE]
	at org.springframework.boot.SpringApplication.refreshContext(SpringApplication.java:397) ~[spring-boot-2.1.3.RELEASE.jar:2.1.3.RELEASE]
	at org.springframework.boot.SpringApplication.run(SpringApplication.java:316) ~[spring-boot-2.1.3.RELEASE.jar:2.1.3.RELEASE]
	at org.springframework.boot.test.context.SpringBootContextLoader.loadContext(SpringBootContextLoader.java:127) [spring-boot-test-2.1.3.RELEASE.jar:2.1.3.RELEASE]
	at org.springframework.test.context.cache.DefaultCacheAwareContextLoaderDelegate.loadContextInternal(DefaultCacheAwareContextLoaderDelegate.java:99) [spring-test-5.1.5.RELEASE.jar:5.1.5.RELEASE]
	at org.springframework.test.context.cache.DefaultCacheAwareContextLoaderDelegate.loadContext(DefaultCacheAwareContextLoaderDelegate.java:117) [spring-test-5.1.5.RELEASE.jar:5.1.5.RELEASE]
	at org.springframework.test.context.support.DefaultTestContext.getApplicationContext(DefaultTestContext.java:108) [spring-test-5.1.5.RELEASE.jar:5.1.5.RELEASE]
	at org.springframework.test.context.web.ServletTestExecutionListener.setUpRequestContextIfNecessary(ServletTestExecutionListener.java:190) [spring-test-5.1.5.RELEASE.jar:5.1.5.RELEASE]
	at org.springframework.test.context.web.ServletTestExecutionListener.prepareTestInstance(ServletTestExecutionListener.java:132) [spring-test-5.1.5.RELEASE.jar:5.1.5.RELEASE]
	at org.springframework.test.context.TestContextManager.prepareTestInstance(TestContextManager.java:246) [spring-test-5.1.5.RELEASE.jar:5.1.5.RELEASE]
	at org.springframework.test.context.junit4.SpringJUnit4ClassRunner.createTest(SpringJUnit4ClassRunner.java:227) [spring-test-5.1.5.RELEASE.jar:5.1.5.RELEASE]
	at org.springframework.test.context.junit4.SpringJUnit4ClassRunner$1.runReflectiveCall(SpringJUnit4ClassRunner.java:289) [spring-test-5.1.5.RELEASE.jar:5.1.5.RELEASE]
	at org.junit.internal.runners.model.ReflectiveCallable.run(ReflectiveCallable.java:12) [junit-4.12.jar:4.12]
	at org.springframework.test.context.junit4.SpringJUnit4ClassRunner.methodBlock(SpringJUnit4ClassRunner.java:291) [spring-test-5.1.5.RELEASE.jar:5.1.5.RELEASE]
	at org.springframework.test.context.junit4.SpringJUnit4ClassRunner.runChild(SpringJUnit4ClassRunner.java:246) [spring-test-5.1.5.RELEASE.jar:5.1.5.RELEASE]
	at org.springframework.test.context.junit4.SpringJUnit4ClassRunner.runChild(SpringJUnit4ClassRunner.java:97) [spring-test-5.1.5.RELEASE.jar:5.1.5.RELEASE]
	at org.junit.runners.ParentRunner$3.run(ParentRunner.java:290) [junit-4.12.jar:4.12]
	at org.junit.runners.ParentRunner$1.schedule(ParentRunner.java:71) [junit-4.12.jar:4.12]
	at org.junit.runners.ParentRunner.runChildren(ParentRunner.java:288) [junit-4.12.jar:4.12]
	at org.junit.runners.ParentRunner.access$000(ParentRunner.java:58) [junit-4.12.jar:4.12]
	at org.junit.runners.ParentRunner$2.evaluate(ParentRunner.java:268) [junit-4.12.jar:4.12]
	at org.springframework.test.context.junit4.statements.RunBeforeTestClassCallbacks.evaluate(RunBeforeTestClassCallbacks.java:61) [spring-test-5.1.5.RELEASE.jar:5.1.5.RELEASE]
	at org.springframework.test.context.junit4.statements.RunAfterTestClassCallbacks.evaluate(RunAfterTestClassCallbacks.java:70) [spring-test-5.1.5.RELEASE.jar:5.1.5.RELEASE]
	at org.junit.runners.ParentRunner.run(ParentRunner.java:363) [junit-4.12.jar:4.12]
	at org.springframework.test.context.junit4.SpringJUnit4ClassRunner.run(SpringJUnit4ClassRunner.java:190) [spring-test-5.1.5.RELEASE.jar:5.1.5.RELEASE]
	at org.apache.maven.surefire.junit4.JUnit4Provider.execute(JUnit4Provider.java:365) [surefire-junit4-2.22.1.jar:2.22.1]
	at org.apache.maven.surefire.junit4.JUnit4Provider.executeWithRerun(JUnit4Provider.java:273) [surefire-junit4-2.22.1.jar:2.22.1]
	at org.apache.maven.surefire.junit4.JUnit4Provider.executeTestSet(JUnit4Provider.java:238) [surefire-junit4-2.22.1.jar:2.22.1]
	at org.apache.maven.surefire.junit4.JUnit4Provider.invoke(JUnit4Provider.java:159) [surefire-junit4-2.22.1.jar:2.22.1]
	at org.apache.maven.surefire.booter.ForkedBooter.invokeProviderInSameClassLoader(ForkedBooter.java:384) [surefire-booter-2.22.1.jar:2.22.1]
	at org.apache.maven.surefire.booter.ForkedBooter.runSuitesInProcess(ForkedBooter.java:345) [surefire-booter-2.22.1.jar:2.22.1]
	at org.apache.maven.surefire.booter.ForkedBooter.execute(ForkedBooter.java:126) [surefire-booter-2.22.1.jar:2.22.1]
	at org.apache.maven.surefire.booter.ForkedBooter.main(ForkedBooter.java:418) [surefire-booter-2.22.1.jar:2.22.1]
Caused by: java.io.FileNotFoundException: Could not open ServletContext resource [/persistence-booking.properties]
	at org.springframework.web.context.support.ServletContextResource.getInputStream(ServletContextResource.java:158) ~[spring-web-5.1.5.RELEASE.jar:5.1.5.RELEASE]
	at org.springframework.core.io.support.EncodedResource.getInputStream(EncodedResource.java:159) ~[spring-core-5.1.5.RELEASE.jar:5.1.5.RELEASE]
	at org.springframework.core.io.support.PropertiesLoaderUtils.fillProperties(PropertiesLoaderUtils.java:99) ~[spring-core-5.1.5.RELEASE.jar:5.1.5.RELEASE]
	at org.springframework.core.io.support.PropertiesLoaderUtils.fillProperties(PropertiesLoaderUtils.java:73) ~[spring-core-5.1.5.RELEASE.jar:5.1.5.RELEASE]
	at org.springframework.core.io.support.PropertiesLoaderUtils.loadProperties(PropertiesLoaderUtils.java:59) ~[spring-core-5.1.5.RELEASE.jar:5.1.5.RELEASE]
	at org.springframework.core.io.support.ResourcePropertySource.<init>(ResourcePropertySource.java:67) ~[spring-core-5.1.5.RELEASE.jar:5.1.5.RELEASE]
	at org.springframework.core.io.support.DefaultPropertySourceFactory.createPropertySource(DefaultPropertySourceFactory.java:37) ~[spring-core-5.1.5.RELEASE.jar:5.1.5.RELEASE]
	at org.springframework.context.annotation.ConfigurationClassParser.processPropertySource(ConfigurationClassParser.java:452) ~[spring-context-5.1.5.RELEASE.jar:5.1.5.RELEASE]
	at org.springframework.context.annotation.ConfigurationClassParser.doProcessConfigurationClass(ConfigurationClassParser.java:271) ~[spring-context-5.1.5.RELEASE.jar:5.1.5.RELEASE]
	at org.springframework.context.annotation.ConfigurationClassParser.processConfigurationClass(ConfigurationClassParser.java:242) ~[spring-context-5.1.5.RELEASE.jar:5.1.5.RELEASE]
	at org.springframework.context.annotation.ConfigurationClassParser.parse(ConfigurationClassParser.java:191) ~[spring-context-5.1.5.RELEASE.jar:5.1.5.RELEASE]
	at org.springframework.context.annotation.ConfigurationClassParser.doProcessConfigurationClass(ConfigurationClassParser.java:295) ~[spring-context-5.1.5.RELEASE.jar:5.1.5.RELEASE]
	at org.springframework.context.annotation.ConfigurationClassParser.processConfigurationClass(ConfigurationClassParser.java:242) ~[spring-context-5.1.5.RELEASE.jar:5.1.5.RELEASE]
	at org.springframework.context.annotation.ConfigurationClassParser.parse(ConfigurationClassParser.java:199) ~[spring-context-5.1.5.RELEASE.jar:5.1.5.RELEASE]
	at org.springframework.context.annotation.ConfigurationClassParser.parse(ConfigurationClassParser.java:167) ~[spring-context-5.1.5.RELEASE.jar:5.1.5.RELEASE]
	... 39 common frames omitted

2019-04-17 16:08:13.783 ERROR 15464 --- [           main] o.s.test.context.TestContextManager      : Caught exception while allowing TestExecutionListener [org.springframework.test.context.web.ServletTestExecutionListener@7803bfd] to prepare test instance [limeapp.HibernateUtilTests@4612b856]

java.lang.IllegalStateException: Failed to load ApplicationContext
	at org.springframework.test.context.cache.DefaultCacheAwareContextLoaderDelegate.loadContext(DefaultCacheAwareContextLoaderDelegate.java:125) ~[spring-test-5.1.5.RELEASE.jar:5.1.5.RELEASE]
	at org.springframework.test.context.support.DefaultTestContext.getApplicationContext(DefaultTestContext.java:108) ~[spring-test-5.1.5.RELEASE.jar:5.1.5.RELEASE]
	at org.springframework.test.context.web.ServletTestExecutionListener.setUpRequestContextIfNecessary(ServletTestExecutionListener.java:190) ~[spring-test-5.1.5.RELEASE.jar:5.1.5.RELEASE]
	at org.springframework.test.context.web.ServletTestExecutionListener.prepareTestInstance(ServletTestExecutionListener.java:132) ~[spring-test-5.1.5.RELEASE.jar:5.1.5.RELEASE]
	at org.springframework.test.context.TestContextManager.prepareTestInstance(TestContextManager.java:246) ~[spring-test-5.1.5.RELEASE.jar:5.1.5.RELEASE]
	at org.springframework.test.context.junit4.SpringJUnit4ClassRunner.createTest(SpringJUnit4ClassRunner.java:227) [spring-test-5.1.5.RELEASE.jar:5.1.5.RELEASE]
	at org.springframework.test.context.junit4.SpringJUnit4ClassRunner$1.runReflectiveCall(SpringJUnit4ClassRunner.java:289) [spring-test-5.1.5.RELEASE.jar:5.1.5.RELEASE]
	at org.junit.internal.runners.model.ReflectiveCallable.run(ReflectiveCallable.java:12) [junit-4.12.jar:4.12]
	at org.springframework.test.context.junit4.SpringJUnit4ClassRunner.methodBlock(SpringJUnit4ClassRunner.java:291) [spring-test-5.1.5.RELEASE.jar:5.1.5.RELEASE]
	at org.springframework.test.context.junit4.SpringJUnit4ClassRunner.runChild(SpringJUnit4ClassRunner.java:246) [spring-test-5.1.5.RELEASE.jar:5.1.5.RELEASE]
	at org.springframework.test.context.junit4.SpringJUnit4ClassRunner.runChild(SpringJUnit4ClassRunner.java:97) [spring-test-5.1.5.RELEASE.jar:5.1.5.RELEASE]
	at org.junit.runners.ParentRunner$3.run(ParentRunner.java:290) [junit-4.12.jar:4.12]
	at org.junit.runners.ParentRunner$1.schedule(ParentRunner.java:71) [junit-4.12.jar:4.12]
	at org.junit.runners.ParentRunner.runChildren(ParentRunner.java:288) [junit-4.12.jar:4.12]
	at org.junit.runners.ParentRunner.access$000(ParentRunner.java:58) [junit-4.12.jar:4.12]
	at org.junit.runners.ParentRunner$2.evaluate(ParentRunner.java:268) [junit-4.12.jar:4.12]
	at org.springframework.test.context.junit4.statements.RunBeforeTestClassCallbacks.evaluate(RunBeforeTestClassCallbacks.java:61) [spring-test-5.1.5.RELEASE.jar:5.1.5.RELEASE]
	at org.springframework.test.context.junit4.statements.RunAfterTestClassCallbacks.evaluate(RunAfterTestClassCallbacks.java:70) [spring-test-5.1.5.RELEASE.jar:5.1.5.RELEASE]
	at org.junit.runners.ParentRunner.run(ParentRunner.java:363) [junit-4.12.jar:4.12]
	at org.springframework.test.context.junit4.SpringJUnit4ClassRunner.run(SpringJUnit4ClassRunner.java:190) [spring-test-5.1.5.RELEASE.jar:5.1.5.RELEASE]
	at org.apache.maven.surefire.junit4.JUnit4Provider.execute(JUnit4Provider.java:365) [surefire-junit4-2.22.1.jar:2.22.1]
	at org.apache.maven.surefire.junit4.JUnit4Provider.executeWithRerun(JUnit4Provider.java:273) [surefire-junit4-2.22.1.jar:2.22.1]
	at org.apache.maven.surefire.junit4.JUnit4Provider.executeTestSet(JUnit4Provider.java:238) [surefire-junit4-2.22.1.jar:2.22.1]
	at org.apache.maven.surefire.junit4.JUnit4Provider.invoke(JUnit4Provider.java:159) [surefire-junit4-2.22.1.jar:2.22.1]
	at org.apache.maven.surefire.booter.ForkedBooter.invokeProviderInSameClassLoader(ForkedBooter.java:384) [surefire-booter-2.22.1.jar:2.22.1]
	at org.apache.maven.surefire.booter.ForkedBooter.runSuitesInProcess(ForkedBooter.java:345) [surefire-booter-2.22.1.jar:2.22.1]
	at org.apache.maven.surefire.booter.ForkedBooter.execute(ForkedBooter.java:126) [surefire-booter-2.22.1.jar:2.22.1]
	at org.apache.maven.surefire.booter.ForkedBooter.main(ForkedBooter.java:418) [surefire-booter-2.22.1.jar:2.22.1]
Caused by: org.springframework.beans.factory.BeanDefinitionStoreException: Failed to parse configuration class [limeapp.Application]; nested exception is java.io.FileNotFoundException: Could not open ServletContext resource [/persistence-booking.properties]
	at org.springframework.context.annotation.ConfigurationClassParser.parse(ConfigurationClassParser.java:181) ~[spring-context-5.1.5.RELEASE.jar:5.1.5.RELEASE]
	at org.springframework.context.annotation.ConfigurationClassPostProcessor.processConfigBeanDefinitions(ConfigurationClassPostProcessor.java:315) ~[spring-context-5.1.5.RELEASE.jar:5.1.5.RELEASE]
	at org.springframework.context.annotation.ConfigurationClassPostProcessor.postProcessBeanDefinitionRegistry(ConfigurationClassPostProcessor.java:232) ~[spring-context-5.1.5.RELEASE.jar:5.1.5.RELEASE]
	at org.springframework.context.support.PostProcessorRegistrationDelegate.invokeBeanDefinitionRegistryPostProcessors(PostProcessorRegistrationDelegate.java:275) ~[spring-context-5.1.5.RELEASE.jar:5.1.5.RELEASE]
	at org.springframework.context.support.PostProcessorRegistrationDelegate.invokeBeanFactoryPostProcessors(PostProcessorRegistrationDelegate.java:95) ~[spring-context-5.1.5.RELEASE.jar:5.1.5.RELEASE]
	at org.springframework.context.support.AbstractApplicationContext.invokeBeanFactoryPostProcessors(AbstractApplicationContext.java:705) ~[spring-context-5.1.5.RELEASE.jar:5.1.5.RELEASE]
	at org.springframework.context.support.AbstractApplicationContext.refresh(AbstractApplicationContext.java:531) ~[spring-context-5.1.5.RELEASE.jar:5.1.5.RELEASE]
	at org.springframework.boot.SpringApplication.refresh(SpringApplication.java:775) ~[spring-boot-2.1.3.RELEASE.jar:2.1.3.RELEASE]
	at org.springframework.boot.SpringApplication.refreshContext(SpringApplication.java:397) ~[spring-boot-2.1.3.RELEASE.jar:2.1.3.RELEASE]
	at org.springframework.boot.SpringApplication.run(SpringApplication.java:316) ~[spring-boot-2.1.3.RELEASE.jar:2.1.3.RELEASE]
	at org.springframework.boot.test.context.SpringBootContextLoader.loadContext(SpringBootContextLoader.java:127) ~[spring-boot-test-2.1.3.RELEASE.jar:2.1.3.RELEASE]
	at org.springframework.test.context.cache.DefaultCacheAwareContextLoaderDelegate.loadContextInternal(DefaultCacheAwareContextLoaderDelegate.java:99) ~[spring-test-5.1.5.RELEASE.jar:5.1.5.RELEASE]
	at org.springframework.test.context.cache.DefaultCacheAwareContextLoaderDelegate.loadContext(DefaultCacheAwareContextLoaderDelegate.java:117) ~[spring-test-5.1.5.RELEASE.jar:5.1.5.RELEASE]
	... 27 common frames omitted
Caused by: java.io.FileNotFoundException: Could not open ServletContext resource [/persistence-booking.properties]
	at org.springframework.web.context.support.ServletContextResource.getInputStream(ServletContextResource.java:158) ~[spring-web-5.1.5.RELEASE.jar:5.1.5.RELEASE]
	at org.springframework.core.io.support.EncodedResource.getInputStream(EncodedResource.java:159) ~[spring-core-5.1.5.RELEASE.jar:5.1.5.RELEASE]
	at org.springframework.core.io.support.PropertiesLoaderUtils.fillProperties(PropertiesLoaderUtils.java:99) ~[spring-core-5.1.5.RELEASE.jar:5.1.5.RELEASE]
	at org.springframework.core.io.support.PropertiesLoaderUtils.fillProperties(PropertiesLoaderUtils.java:73) ~[spring-core-5.1.5.RELEASE.jar:5.1.5.RELEASE]
	at org.springframework.core.io.support.PropertiesLoaderUtils.loadProperties(PropertiesLoaderUtils.java:59) ~[spring-core-5.1.5.RELEASE.jar:5.1.5.RELEASE]
	at org.springframework.core.io.support.ResourcePropertySource.<init>(ResourcePropertySource.java:67) ~[spring-core-5.1.5.RELEASE.jar:5.1.5.RELEASE]
	at org.springframework.core.io.support.DefaultPropertySourceFactory.createPropertySource(DefaultPropertySourceFactory.java:37) ~[spring-core-5.1.5.RELEASE.jar:5.1.5.RELEASE]
	at org.springframework.context.annotation.ConfigurationClassParser.processPropertySource(ConfigurationClassParser.java:452) ~[spring-context-5.1.5.RELEASE.jar:5.1.5.RELEASE]
	at org.springframework.context.annotation.ConfigurationClassParser.doProcessConfigurationClass(ConfigurationClassParser.java:271) ~[spring-context-5.1.5.RELEASE.jar:5.1.5.RELEASE]
	at org.springframework.context.annotation.ConfigurationClassParser.processConfigurationClass(ConfigurationClassParser.java:242) ~[spring-context-5.1.5.RELEASE.jar:5.1.5.RELEASE]
	at org.springframework.context.annotation.ConfigurationClassParser.parse(ConfigurationClassParser.java:191) ~[spring-context-5.1.5.RELEASE.jar:5.1.5.RELEASE]
	at org.springframework.context.annotation.ConfigurationClassParser.doProcessConfigurationClass(ConfigurationClassParser.java:295) ~[spring-context-5.1.5.RELEASE.jar:5.1.5.RELEASE]
	at org.springframework.context.annotation.ConfigurationClassParser.processConfigurationClass(ConfigurationClassParser.java:242) ~[spring-context-5.1.5.RELEASE.jar:5.1.5.RELEASE]
	at org.springframework.context.annotation.ConfigurationClassParser.parse(ConfigurationClassParser.java:199) ~[spring-context-5.1.5.RELEASE.jar:5.1.5.RELEASE]
	at org.springframework.context.annotation.ConfigurationClassParser.parse(ConfigurationClassParser.java:167) ~[spring-context-5.1.5.RELEASE.jar:5.1.5.RELEASE]
	... 39 common frames omitted

]]></system-out>
  </testcase>
</testsuite>